#! /foss/tools/iverilog/bin/vvp
:ivl_version "13.0 (devel)" "(s20250103-26-gb0c57ab1-dirty)";
:ivl_delay_selection "TYPICAL";
:vpi_time_precision + 0;
:vpi_module "/foss/tools/iverilog/lib/ivl/system.vpi";
:vpi_module "/foss/tools/iverilog/lib/ivl/vhdl_sys.vpi";
:vpi_module "/foss/tools/iverilog/lib/ivl/vhdl_textio.vpi";
:vpi_module "/foss/tools/iverilog/lib/ivl/v2005_math.vpi";
:vpi_module "/foss/tools/iverilog/lib/ivl/va_math.vpi";
:vpi_module "/foss/tools/iverilog/lib/ivl/v2009.vpi";
S_0xaaaae25aa710 .scope package, "$unit" "$unit" 2 1;
 .timescale 0 0;
S_0xaaaae2584bc0 .scope module, "cordic_sine_tb" "cordic_sine_tb" 3 5;
 .timescale 0 0;
P_0xaaaae2584d50 .param/l "CLK_PERIOD" 1 3 9, +C4<00000000000000000000000000001010>;
P_0xaaaae2584d90 .param/l "FRAC" 1 3 7, +C4<00000000000000000000000000001111>;
P_0xaaaae2584dd0 .param/l "PI2" 1 3 8, +C4<00000000000000001100100100001111>;
v0xaaaae25d0910_0 .var/real "angle_radians", 0 0;
v0xaaaae25d09f0_0 .var/s "angle_step", 31 0;
v0xaaaae25d0ad0_0 .var "clk", 0 0;
v0xaaaae25d0b70_0 .var/real "computed_sine", 0 0;
v0xaaaae25d0c10_0 .var/s "current_angle", 31 0;
v0xaaaae25d0d20_0 .var/real "error", 0 0;
v0xaaaae25d0de0_0 .var/2s "error_count", 31 0;
v0xaaaae25d0ec0_0 .var/real "expected_sine", 0 0;
v0xaaaae25d0f80_0 .var/s "input_angle", 31 0;
v0xaaaae25d1040_0 .var/real "max_error", 0 0;
v0xaaaae25d10e0_0 .var "rst_n", 0 0;
v0xaaaae25d11b0_0 .net/s "sine_out", 31 0, v0xaaaae25cfcf0_0;  1 drivers
v0xaaaae25d1280_0 .var "start", 0 0;
v0xaaaae25d1350_0 .var/2s "test_count", 31 0;
v0xaaaae25d13f0_0 .net "valid", 0 0, v0xaaaae25d0050_0;  1 drivers
S_0xaaaae253b4e0 .scope begin, "$ivl_for_loop0" "$ivl_for_loop0" 3 84, 3 84 0, S_0xaaaae2584bc0;
 .timescale 0 0;
v0xaaaae25a7b70_0 .var/2s "i", 31 0;
E_0xaaaae257abd0 .event posedge, v0xaaaae25cf8d0_0;
E_0xaaaae25794f0 .event anyedge, v0xaaaae25d0050_0;
S_0xaaaae25ce1f0 .scope function.real, "abs_real" "abs_real" 3 52, 3 52 0, S_0xaaaae2584bc0;
 .timescale 0 0;
; Variable abs_real is REAL return value of scope S_0xaaaae25ce1f0
v0xaaaae25ce410_0 .var/real "val", 0 0;
TD_cordic_sine_tb.abs_real ;
    %load/real v0xaaaae25ce410_0;
    %pushi/real 0, 4065; load=0.00000
    %cmp/wr;
    %jmp/0xz  T_0.0, 5;
    %pushi/real 0, 0; load 0.0
    %load/real v0xaaaae25ce410_0;
    %sub/wr;
    %ret/real 0; Assign to abs_real
    %jmp T_0.1;
T_0.0 ;
    %load/real v0xaaaae25ce410_0;
    %ret/real 0; Assign to abs_real
T_0.1 ;
    %end;
S_0xaaaae25ce4d0 .scope module, "dut" "cordic_sine" 3 30, 4 1 0, S_0xaaaae2584bc0;
 .timescale 0 0;
    .port_info 0 /INPUT 1 "clk";
    .port_info 1 /INPUT 1 "rst_n";
    .port_info 2 /INPUT 1 "start";
    .port_info 3 /INPUT 32 "input_angle";
    .port_info 4 /OUTPUT 32 "sine_out";
    .port_info 5 /OUTPUT 1 "valid";
P_0xaaaae25ce6b0 .param/l "AG_CONST" 1 4 16, +C4<00000000000000000100110110111010>;
P_0xaaaae25ce6f0 .param/l "FRAC" 1 4 11, +C4<00000000000000000000000000001111>;
P_0xaaaae25ce730 .param/l "PI" 1 4 19, +C4<00000000000000011001001000100000>;
P_0xaaaae25ce770 .param/l "PI_OVER_2" 1 4 18, +C4<00000000000000001100100100001111>;
P_0xaaaae25ce7b0 .param/l "THREE_PI_OVER_2" 1 4 20, +C4<00000000000000100101101100110000>;
P_0xaaaae25ce7f0 .param/l "TWO_PI" 1 4 21, +C4<00000000000000110010010000111111>;
enum0xaaaae2561bb0 .enum4 (2)
   "IDLE" 2'b00,
   "ROTATE" 2'b01,
   "DONE" 2'b10
 ;
v0xaaaae25cf410 .array/s "Angles", 15 0, 31 0;
v0xaaaae25cf4f0_0 .var/s "X", 31 0;
v0xaaaae25cf5d0_0 .var/s "Y", 31 0;
v0xaaaae25cf6c0_0 .var/s "angle_q0", 31 0;
v0xaaaae25cf7a0_0 .var/s "angle_target", 31 0;
v0xaaaae25cf8d0_0 .net "clk", 0 0, v0xaaaae25d0ad0_0;  1 drivers
v0xaaaae25cf990_0 .net/s "input_angle", 31 0, v0xaaaae25d0f80_0;  1 drivers
v0xaaaae25cfa70_0 .var "next_state", 1 0;
v0xaaaae25cfb50_0 .var "quad", 1 0;
v0xaaaae25cfc30_0 .net "rst_n", 0 0, v0xaaaae25d10e0_0;  1 drivers
v0xaaaae25cfcf0_0 .var/s "sine_out", 31 0;
v0xaaaae25cfdd0_0 .net "start", 0 0, v0xaaaae25d1280_0;  1 drivers
v0xaaaae25cfe90_0 .var "state", 1 0;
v0xaaaae25cff70_0 .var "step", 4 0;
v0xaaaae25d0050_0 .var "valid", 0 0;
E_0xaaaae255f680 .event anyedge, v0xaaaae25cfe90_0, v0xaaaae25cfdd0_0, v0xaaaae25cff70_0;
E_0xaaaae25ae700/0 .event negedge, v0xaaaae25cfc30_0;
E_0xaaaae25ae700/1 .event posedge, v0xaaaae25cf8d0_0;
E_0xaaaae25ae700 .event/or E_0xaaaae25ae700/0, E_0xaaaae25ae700/1;
S_0xaaaae25cec70 .scope autofunction.vec4.u32, "angle_adj" "angle_adj" 4 62, 4 62 0, S_0xaaaae25ce4d0;
 .timescale 0 0;
; Variable angle_adj is vec4 return value of scope S_0xaaaae25cec70
v0xaaaae25cef70_0 .var/s "inangle", 31 0;
TD_cordic_sine_tb.dut.angle_adj ;
    %load/vec4 v0xaaaae25cef70_0;
    %cmpi/s 205887, 0, 32;
    %flag_or 5, 4; GT is !LE
    %flag_inv 5;
    %jmp/0xz  T_1.2, 5;
    %load/vec4 v0xaaaae25cef70_0;
    %subi 205887, 0, 32;
    %store/vec4 v0xaaaae25cef70_0, 0, 32;
T_1.2 ;
    %load/vec4 v0xaaaae25cef70_0;
    %cmpi/s 154416, 0, 32;
    %flag_inv 5; GE is !LT
    %jmp/0xz  T_1.4, 5;
    %pushi/vec4 205887, 0, 32;
    %load/vec4 v0xaaaae25cef70_0;
    %sub;
    %ret/vec4 0, 0, 32;  Assign to angle_adj (store_vec4_to_lval)
    %disable/flow S_0xaaaae25cec70;
    %jmp T_1.5;
T_1.4 ;
    %load/vec4 v0xaaaae25cef70_0;
    %cmpi/s 102944, 0, 32;
    %flag_inv 5; GE is !LT
    %jmp/0xz  T_1.6, 5;
    %load/vec4 v0xaaaae25cef70_0;
    %subi 102944, 0, 32;
    %ret/vec4 0, 0, 32;  Assign to angle_adj (store_vec4_to_lval)
    %disable/flow S_0xaaaae25cec70;
    %jmp T_1.7;
T_1.6 ;
    %load/vec4 v0xaaaae25cef70_0;
    %cmpi/s 51471, 0, 32;
    %flag_inv 5; GE is !LT
    %jmp/0xz  T_1.8, 5;
    %pushi/vec4 102944, 0, 32;
    %load/vec4 v0xaaaae25cef70_0;
    %sub;
    %ret/vec4 0, 0, 32;  Assign to angle_adj (store_vec4_to_lval)
    %disable/flow S_0xaaaae25cec70;
    %jmp T_1.9;
T_1.8 ;
    %load/vec4 v0xaaaae25cef70_0;
    %ret/vec4 0, 0, 32;  Assign to angle_adj (store_vec4_to_lval)
    %disable/flow S_0xaaaae25cec70;
T_1.9 ;
T_1.7 ;
T_1.5 ;
    %end;
S_0xaaaae25cf050 .scope autofunction.vec4.s2, "quadrant" "quadrant" 4 46, 4 46 0, S_0xaaaae25ce4d0;
 .timescale 0 0;
v0xaaaae25cf250_0 .var/s "inangle", 31 0;
; Variable quadrant is vec4 return value of scope S_0xaaaae25cf050
TD_cordic_sine_tb.dut.quadrant ;
    %load/vec4 v0xaaaae25cf250_0;
    %cmpi/s 205887, 0, 32;
    %flag_or 5, 4; GT is !LE
    %flag_inv 5;
    %jmp/0xz  T_2.10, 5;
    %load/vec4 v0xaaaae25cf250_0;
    %subi 205887, 0, 32;
    %store/vec4 v0xaaaae25cf250_0, 0, 32;
T_2.10 ;
    %load/vec4 v0xaaaae25cf250_0;
    %cmpi/s 154416, 0, 32;
    %flag_inv 5; GE is !LT
    %jmp/0xz  T_2.12, 5;
    %pushi/vec4 3, 0, 2;
    %ret/vec4 0, 0, 2;  Assign to quadrant (store_vec4_to_lval)
    %disable/flow S_0xaaaae25cf050;
    %jmp T_2.13;
T_2.12 ;
    %load/vec4 v0xaaaae25cf250_0;
    %cmpi/s 102944, 0, 32;
    %flag_inv 5; GE is !LT
    %jmp/0xz  T_2.14, 5;
    %pushi/vec4 2, 0, 2;
    %ret/vec4 0, 0, 2;  Assign to quadrant (store_vec4_to_lval)
    %disable/flow S_0xaaaae25cf050;
    %jmp T_2.15;
T_2.14 ;
    %load/vec4 v0xaaaae25cf250_0;
    %cmpi/s 51471, 0, 32;
    %flag_inv 5; GE is !LT
    %jmp/0xz  T_2.16, 5;
    %pushi/vec4 1, 0, 2;
    %ret/vec4 0, 0, 2;  Assign to quadrant (store_vec4_to_lval)
    %disable/flow S_0xaaaae25cf050;
    %jmp T_2.17;
T_2.16 ;
    %pushi/vec4 0, 0, 2;
    %ret/vec4 0, 0, 2;  Assign to quadrant (store_vec4_to_lval)
    %disable/flow S_0xaaaae25cf050;
T_2.17 ;
T_2.15 ;
T_2.13 ;
    %end;
S_0xaaaae25d01d0 .scope function.real, "fixed_to_real" "fixed_to_real" 3 44, 3 44 0, S_0xaaaae2584bc0;
 .timescale 0 0;
; Variable fixed_to_real is REAL return value of scope S_0xaaaae25d01d0
v0xaaaae25d0440_0 .var/s "fixed_val", 31 0;
TD_cordic_sine_tb.fixed_to_real ;
    %vpi_func/r 3 45 "$itor", v0xaaaae25d0440_0 {0 0 0};
    %pushi/real 1073741824, 4081; load=32768.0
    %div/wr;
    %ret/real 0; Assign to fixed_to_real
    %disable/flow S_0xaaaae25d01d0;
    %end;
S_0xaaaae25d0520 .scope function.vec4.u32, "real_to_fixed" "real_to_fixed" 3 48, 3 48 0, S_0xaaaae2584bc0;
 .timescale 0 0;
; Variable real_to_fixed is vec4 return value of scope S_0xaaaae25d0520
v0xaaaae25d0850_0 .var/real "real_val", 0 0;
TD_cordic_sine_tb.real_to_fixed ;
    %load/real v0xaaaae25d0850_0;
    %pushi/real 1073741824, 4081; load=32768.0
    %mul/wr;
    %vpi_func 3 49 "$rtoi" 32, W<0,r> {0 1 0};
    %ret/vec4 0, 0, 32;  Assign to real_to_fixed (store_vec4_to_lval)
    %disable/flow S_0xaaaae25d0520;
    %end;
    .scope S_0xaaaae25ce4d0;
T_5 ;
    %pushi/vec4 25736, 0, 32;
    %ix/load 4, 0, 0;
    %flag_set/imm 4, 0;
    %store/vec4a v0xaaaae25cf410, 4, 0;
    %pushi/vec4 15193, 0, 32;
    %ix/load 4, 1, 0;
    %flag_set/imm 4, 0;
    %store/vec4a v0xaaaae25cf410, 4, 0;
    %pushi/vec4 8027, 0, 32;
    %ix/load 4, 2, 0;
    %flag_set/imm 4, 0;
    %store/vec4a v0xaaaae25cf410, 4, 0;
    %pushi/vec4 4075, 0, 32;
    %ix/load 4, 3, 0;
    %flag_set/imm 4, 0;
    %store/vec4a v0xaaaae25cf410, 4, 0;
    %pushi/vec4 2045, 0, 32;
    %ix/load 4, 4, 0;
    %flag_set/imm 4, 0;
    %store/vec4a v0xaaaae25cf410, 4, 0;
    %pushi/vec4 1024, 0, 32;
    %ix/load 4, 5, 0;
    %flag_set/imm 4, 0;
    %store/vec4a v0xaaaae25cf410, 4, 0;
    %pushi/vec4 512, 0, 32;
    %ix/load 4, 6, 0;
    %flag_set/imm 4, 0;
    %store/vec4a v0xaaaae25cf410, 4, 0;
    %pushi/vec4 256, 0, 32;
    %ix/load 4, 7, 0;
    %flag_set/imm 4, 0;
    %store/vec4a v0xaaaae25cf410, 4, 0;
    %pushi/vec4 128, 0, 32;
    %ix/load 4, 8, 0;
    %flag_set/imm 4, 0;
    %store/vec4a v0xaaaae25cf410, 4, 0;
    %pushi/vec4 64, 0, 32;
    %ix/load 4, 9, 0;
    %flag_set/imm 4, 0;
    %store/vec4a v0xaaaae25cf410, 4, 0;
    %pushi/vec4 32, 0, 32;
    %ix/load 4, 10, 0;
    %flag_set/imm 4, 0;
    %store/vec4a v0xaaaae25cf410, 4, 0;
    %pushi/vec4 16, 0, 32;
    %ix/load 4, 11, 0;
    %flag_set/imm 4, 0;
    %store/vec4a v0xaaaae25cf410, 4, 0;
    %pushi/vec4 8, 0, 32;
    %ix/load 4, 12, 0;
    %flag_set/imm 4, 0;
    %store/vec4a v0xaaaae25cf410, 4, 0;
    %pushi/vec4 4, 0, 32;
    %ix/load 4, 13, 0;
    %flag_set/imm 4, 0;
    %store/vec4a v0xaaaae25cf410, 4, 0;
    %pushi/vec4 2, 0, 32;
    %ix/load 4, 14, 0;
    %flag_set/imm 4, 0;
    %store/vec4a v0xaaaae25cf410, 4, 0;
    %pushi/vec4 1, 0, 32;
    %ix/load 4, 15, 0;
    %flag_set/imm 4, 0;
    %store/vec4a v0xaaaae25cf410, 4, 0;
    %end;
    .thread T_5;
    .scope S_0xaaaae25ce4d0;
T_6 ;
    %wait E_0xaaaae25ae700;
    %load/vec4 v0xaaaae25cfc30_0;
    %nor/r;
    %flag_set/vec4 8;
    %jmp/0xz  T_6.0, 8;
    %pushi/vec4 0, 0, 2;
    %assign/vec4 v0xaaaae25cfe90_0, 0;
    %pushi/vec4 0, 0, 1;
    %assign/vec4 v0xaaaae25d0050_0, 0;
    %pushi/vec4 0, 0, 32;
    %assign/vec4 v0xaaaae25cfcf0_0, 0;
    %pushi/vec4 0, 0, 5;
    %assign/vec4 v0xaaaae25cff70_0, 0;
    %jmp T_6.1;
T_6.0 ;
    %load/vec4 v0xaaaae25cfa70_0;
    %assign/vec4 v0xaaaae25cfe90_0, 0;
    %load/vec4 v0xaaaae25cfe90_0;
    %dup/vec4;
    %pushi/vec4 0, 0, 2;
    %cmp/u;
    %jmp/1 T_6.2, 6;
    %dup/vec4;
    %pushi/vec4 1, 0, 2;
    %cmp/u;
    %jmp/1 T_6.3, 6;
    %dup/vec4;
    %pushi/vec4 2, 0, 2;
    %cmp/u;
    %jmp/1 T_6.4, 6;
    %jmp T_6.5;
T_6.2 ;
    %pushi/vec4 0, 0, 1;
    %assign/vec4 v0xaaaae25d0050_0, 0;
    %load/vec4 v0xaaaae25cfdd0_0;
    %flag_set/vec4 8;
    %jmp/0xz  T_6.6, 8;
    %alloc S_0xaaaae25cec70;
    %load/vec4 v0xaaaae25cf990_0;
    %store/vec4 v0xaaaae25cef70_0, 0, 32;
    %callf/vec4 TD_cordic_sine_tb.dut.angle_adj, S_0xaaaae25cec70;
    %free S_0xaaaae25cec70;
    %assign/vec4 v0xaaaae25cf6c0_0, 0;
    %alloc S_0xaaaae25cf050;
    %load/vec4 v0xaaaae25cf990_0;
    %store/vec4 v0xaaaae25cf250_0, 0, 32;
    %callf/vec4 TD_cordic_sine_tb.dut.quadrant, S_0xaaaae25cf050;
    %free S_0xaaaae25cf050;
    %assign/vec4 v0xaaaae25cfb50_0, 0;
    %pushi/vec4 19898, 0, 32;
    %assign/vec4 v0xaaaae25cf4f0_0, 0;
    %pushi/vec4 0, 0, 32;
    %assign/vec4 v0xaaaae25cf5d0_0, 0;
    %pushi/vec4 0, 0, 32;
    %assign/vec4 v0xaaaae25cf7a0_0, 0;
    %pushi/vec4 0, 0, 5;
    %assign/vec4 v0xaaaae25cff70_0, 0;
T_6.6 ;
    %jmp T_6.5;
T_6.3 ;
    %load/vec4 v0xaaaae25cf7a0_0;
    %load/vec4 v0xaaaae25cf6c0_0;
    %cmp/s;
    %jmp/0xz  T_6.8, 5;
    %load/vec4 v0xaaaae25cf4f0_0;
    %load/vec4 v0xaaaae25cf5d0_0;
    %ix/getv 4, v0xaaaae25cff70_0;
    %shiftr/s 4;
    %sub;
    %assign/vec4 v0xaaaae25cf4f0_0, 0;
    %load/vec4 v0xaaaae25cf4f0_0;
    %ix/getv 4, v0xaaaae25cff70_0;
    %shiftr/s 4;
    %load/vec4 v0xaaaae25cf5d0_0;
    %add;
    %assign/vec4 v0xaaaae25cf5d0_0, 0;
    %load/vec4 v0xaaaae25cf7a0_0;
    %load/vec4 v0xaaaae25cff70_0;
    %pad/u 6;
    %ix/vec4 4;
    %load/vec4a v0xaaaae25cf410, 4;
    %add;
    %assign/vec4 v0xaaaae25cf7a0_0, 0;
    %jmp T_6.9;
T_6.8 ;
    %load/vec4 v0xaaaae25cf4f0_0;
    %load/vec4 v0xaaaae25cf5d0_0;
    %ix/getv 4, v0xaaaae25cff70_0;
    %shiftr/s 4;
    %add;
    %assign/vec4 v0xaaaae25cf4f0_0, 0;
    %load/vec4 v0xaaaae25cf5d0_0;
    %load/vec4 v0xaaaae25cf4f0_0;
    %ix/getv 4, v0xaaaae25cff70_0;
    %shiftr/s 4;
    %sub;
    %assign/vec4 v0xaaaae25cf5d0_0, 0;
    %load/vec4 v0xaaaae25cf7a0_0;
    %load/vec4 v0xaaaae25cff70_0;
    %pad/u 6;
    %ix/vec4 4;
    %load/vec4a v0xaaaae25cf410, 4;
    %sub;
    %assign/vec4 v0xaaaae25cf7a0_0, 0;
T_6.9 ;
    %load/vec4 v0xaaaae25cff70_0;
    %addi 1, 0, 5;
    %assign/vec4 v0xaaaae25cff70_0, 0;
    %jmp T_6.5;
T_6.4 ;
    %pushi/vec4 1, 0, 1;
    %assign/vec4 v0xaaaae25d0050_0, 0;
    %load/vec4 v0xaaaae25cfb50_0;
    %pad/u 32;
    %cmpi/u 2, 0, 32;
    %jmp/0xz  T_6.10, 5;
    %load/vec4 v0xaaaae25cf5d0_0;
    %assign/vec4 v0xaaaae25cfcf0_0, 0;
    %jmp T_6.11;
T_6.10 ;
    %load/vec4 v0xaaaae25cf5d0_0;
    %inv;
    %addi 1, 0, 32;
    %assign/vec4 v0xaaaae25cfcf0_0, 0;
T_6.11 ;
    %jmp T_6.5;
T_6.5 ;
    %pop/vec4 1;
T_6.1 ;
    %jmp T_6;
    .thread T_6;
    .scope S_0xaaaae25ce4d0;
T_7 ;
Ewait_0 .event/or E_0xaaaae255f680, E_0x0;
    %wait Ewait_0;
    %load/vec4 v0xaaaae25cfe90_0;
    %store/vec4 v0xaaaae25cfa70_0, 0, 2;
    %load/vec4 v0xaaaae25cfe90_0;
    %dup/vec4;
    %pushi/vec4 0, 0, 2;
    %cmp/u;
    %jmp/1 T_7.0, 6;
    %dup/vec4;
    %pushi/vec4 1, 0, 2;
    %cmp/u;
    %jmp/1 T_7.1, 6;
    %dup/vec4;
    %pushi/vec4 2, 0, 2;
    %cmp/u;
    %jmp/1 T_7.2, 6;
    %jmp T_7.3;
T_7.0 ;
    %load/vec4 v0xaaaae25cfdd0_0;
    %flag_set/vec4 8;
    %jmp/0xz  T_7.4, 8;
    %pushi/vec4 1, 0, 2;
    %store/vec4 v0xaaaae25cfa70_0, 0, 2;
T_7.4 ;
    %jmp T_7.3;
T_7.1 ;
    %load/vec4 v0xaaaae25cff70_0;
    %pad/u 32;
    %cmpi/e 16, 0, 32;
    %jmp/0xz  T_7.6, 4;
    %pushi/vec4 2, 0, 2;
    %store/vec4 v0xaaaae25cfa70_0, 0, 2;
T_7.6 ;
    %jmp T_7.3;
T_7.2 ;
    %pushi/vec4 0, 0, 2;
    %store/vec4 v0xaaaae25cfa70_0, 0, 2;
    %jmp T_7.3;
T_7.3 ;
    %pop/vec4 1;
    %jmp T_7;
    .thread T_7, $push;
    .scope S_0xaaaae2584bc0;
T_8 ;
    %pushi/vec4 0, 0, 1;
    %store/vec4 v0xaaaae25d0ad0_0, 0, 1;
T_8.0 ;
    %delay 5, 0;
    %load/vec4 v0xaaaae25d0ad0_0;
    %inv;
    %store/vec4 v0xaaaae25d0ad0_0, 0, 1;
    %jmp T_8.0;
T_8.1 ;
    %end;
    .thread T_8;
    .scope S_0xaaaae2584bc0;
T_9 ;
    %pushi/vec4 0, 0, 1;
    %store/vec4 v0xaaaae25d10e0_0, 0, 1;
    %pushi/vec4 0, 0, 1;
    %store/vec4 v0xaaaae25d1280_0, 0, 1;
    %pushi/vec4 0, 0, 32;
    %store/vec4 v0xaaaae25d0f80_0, 0, 32;
    %pushi/vec4 0, 0, 32;
    %store/vec4 v0xaaaae25d1350_0, 0, 32;
    %pushi/vec4 0, 0, 32;
    %store/vec4 v0xaaaae25d0de0_0, 0, 32;
    %pushi/real 0, 4065; load=0.00000
    %store/real v0xaaaae25d1040_0;
    %pushi/vec4 3216, 0, 32;
    %store/vec4 v0xaaaae25d09f0_0, 0, 32;
    %vpi_call/w 3 72 "$display", "\012========================================" {0 0 0};
    %vpi_call/w 3 73 "$display", "CORDIC Sine Function Testbench" {0 0 0};
    %vpi_call/w 3 74 "$display", "========================================" {0 0 0};
    %vpi_call/w 3 75 "$display", "Testing angles from 0 to 2*PI in steps of PI/16" {0 0 0};
    %vpi_call/w 3 76 "$display", "Clock Period: %0d ns", P_0xaaaae2584d50 {0 0 0};
    %vpi_call/w 3 77 "$display", "Fixed-point format: <int,%0d>", P_0xaaaae2584d90 {0 0 0};
    %vpi_call/w 3 78 "$display", "========================================\012" {0 0 0};
    %delay 20, 0;
    %pushi/vec4 1, 0, 1;
    %store/vec4 v0xaaaae25d10e0_0, 0, 1;
    %delay 20, 0;
    %fork t_1, S_0xaaaae253b4e0;
    %jmp t_0;
    .scope S_0xaaaae253b4e0;
t_1 ;
    %pushi/vec4 0, 0, 32;
    %store/vec4 v0xaaaae25a7b70_0, 0, 32;
T_9.0 ; Top of for-loop
    %load/vec4 v0xaaaae25a7b70_0;
    %cmpi/s 64, 0, 32;
	  %jmp/0xz T_9.1, 5;
    %load/vec4 v0xaaaae25a7b70_0;
    %load/vec4 v0xaaaae25d09f0_0;
    %mul;
    %store/vec4 v0xaaaae25d0c10_0, 0, 32;
    %load/vec4 v0xaaaae25d0c10_0;
    %store/vec4 v0xaaaae25d0f80_0, 0, 32;
    %pushi/vec4 1, 0, 1;
    %store/vec4 v0xaaaae25d1280_0, 0, 1;
    %wait E_0xaaaae257abd0;
    %pushi/vec4 0, 0, 1;
    %store/vec4 v0xaaaae25d1280_0, 0, 1;
T_9.3 ;
    %load/vec4 v0xaaaae25d13f0_0;
    %pad/u 32;
    %pushi/vec4 1, 0, 32;
    %cmp/e;
    %flag_get/vec4 4;
    %cmpi/ne 1, 0, 1;
    %jmp/0xz T_9.4, 6;
    %wait E_0xaaaae25794f0;
    %jmp T_9.3;
T_9.4 ;
    %wait E_0xaaaae257abd0;
    %load/vec4 v0xaaaae25d0c10_0;
    %store/vec4 v0xaaaae25d0440_0, 0, 32;
    %callf/real TD_cordic_sine_tb.fixed_to_real, S_0xaaaae25d01d0;
    %store/real v0xaaaae25d0910_0;
    %vpi_func/r 3 96 "$sin", v0xaaaae25d0910_0 {0 0 0};
    %store/real v0xaaaae25d0ec0_0;
    %load/vec4 v0xaaaae25d11b0_0;
    %store/vec4 v0xaaaae25d0440_0, 0, 32;
    %callf/real TD_cordic_sine_tb.fixed_to_real, S_0xaaaae25d01d0;
    %store/real v0xaaaae25d0b70_0;
    %load/real v0xaaaae25d0b70_0;
    %load/real v0xaaaae25d0ec0_0;
    %sub/wr;
    %store/real v0xaaaae25d0d20_0;
    %load/real v0xaaaae25d1040_0;
    %load/real v0xaaaae25d0d20_0;
    %store/real v0xaaaae25ce410_0;
    %callf/real TD_cordic_sine_tb.abs_real, S_0xaaaae25ce1f0;
    %cmp/wr;
    %jmp/0xz  T_9.5, 5;
    %load/real v0xaaaae25d0d20_0;
    %store/real v0xaaaae25ce410_0;
    %callf/real TD_cordic_sine_tb.abs_real, S_0xaaaae25ce1f0;
    %store/real v0xaaaae25d1040_0;
T_9.5 ;
    %pushi/real 1099511627, 4056; load=0.00100000
    %pushi/real 3254780, 4034; load=0.00100000
    %add/wr;
    %load/real v0xaaaae25d0d20_0;
    %store/real v0xaaaae25ce410_0;
    %callf/real TD_cordic_sine_tb.abs_real, S_0xaaaae25ce1f0;
    %cmp/wr;
    %jmp/0xz  T_9.7, 5;
    ; show_stmt_assign_vector: Get l-value for compressed += operand
    %load/vec4 v0xaaaae25d0de0_0;
    %pushi/vec4 1, 0, 32;
    %add;
    %cast2;
    %store/vec4 v0xaaaae25d0de0_0, 0, 32;
    %vpi_call/w 3 108 "$display", "a %8x s %8x ( sin ( %12.9f ) = %12.9f ) sin %12.9f err %12.9f ** ERROR", v0xaaaae25d0c10_0, v0xaaaae25d11b0_0, v0xaaaae25d0910_0, v0xaaaae25d0ec0_0, v0xaaaae25d0b70_0, v0xaaaae25d0d20_0 {0 0 0};
    %jmp T_9.8;
T_9.7 ;
    %vpi_call/w 3 116 "$display", "a %8x s %8x ( sin ( %12.9f ) = %12.9f ) sin %12.9f err %12.9f", v0xaaaae25d0c10_0, v0xaaaae25d11b0_0, v0xaaaae25d0910_0, v0xaaaae25d0ec0_0, v0xaaaae25d0b70_0, v0xaaaae25d0d20_0 {0 0 0};
T_9.8 ;
    ; show_stmt_assign_vector: Get l-value for compressed += operand
    %load/vec4 v0xaaaae25d1350_0;
    %pushi/vec4 1, 0, 32;
    %add;
    %cast2;
    %store/vec4 v0xaaaae25d1350_0, 0, 32;
    %pushi/vec4 3, 0, 32;
T_9.9 %dup/vec4;
    %cmpi/s 0, 0, 32;
    %jmp/1xz T_9.10, 5;
    %jmp/1 T_9.10, 4;
    %subi 1, 0, 32;
    %wait E_0xaaaae257abd0;
    %jmp T_9.9;
T_9.10 ;
    %pop/vec4 1;
T_9.2 ; for-loop step statement
    ; show_stmt_assign_vector: Get l-value for compressed += operand
    %load/vec4 v0xaaaae25a7b70_0;
    %pushi/vec4 1, 0, 32;
    %add;
    %cast2;
    %store/vec4 v0xaaaae25a7b70_0, 0, 32;
    %jmp T_9.0;
T_9.1 ; for-loop exit label
    %end;
    .scope S_0xaaaae2584bc0;
t_0 %join;
    %vpi_call/w 3 130 "$display", "\012========================================" {0 0 0};
    %vpi_call/w 3 131 "$display", "Test Summary" {0 0 0};
    %vpi_call/w 3 132 "$display", "========================================" {0 0 0};
    %vpi_call/w 3 133 "$display", "Total tests:     %0d", v0xaaaae25d1350_0 {0 0 0};
    %vpi_call/w 3 134 "$display", "Errors:          %0d", v0xaaaae25d0de0_0 {0 0 0};
    %vpi_call/w 3 135 "$display", "Maximum error:   %12.9f", v0xaaaae25d1040_0 {0 0 0};
    %pushi/real 1677721600, 4072; load=100.000
    %load/vec4 v0xaaaae25d1350_0;
    %load/vec4 v0xaaaae25d0de0_0;
    %sub;
    %cvt/rv/s;
    %mul/wr;
    %load/vec4 v0xaaaae25d1350_0;
    %cvt/rv/s;
    %div/wr;
    %vpi_call/w 3 136 "$display", "Pass rate:       %0.2f%%", W<0,r> {0 1 0};
    %load/vec4 v0xaaaae25d0de0_0;
    %cmpi/e 0, 0, 32;
    %jmp/0xz  T_9.11, 4;
    %vpi_call/w 3 139 "$display", "\012*** ALL TESTS PASSED ***\012" {0 0 0};
    %jmp T_9.12;
T_9.11 ;
    %vpi_call/w 3 141 "$display", "\012*** %0d TESTS FAILED ***\012", v0xaaaae25d0de0_0 {0 0 0};
T_9.12 ;
    %vpi_call/w 3 144 "$display", "========================================\012" {0 0 0};
    %delay 100, 0;
    %vpi_call/w 3 147 "$finish" {0 0 0};
    %end;
    .thread T_9;
    .scope S_0xaaaae2584bc0;
T_10 ;
    %delay 100000, 0;
    %vpi_call/w 3 152 "$display", "\012*** ERROR: Simulation timeout ***\012" {0 0 0};
    %vpi_call/w 3 153 "$finish" {0 0 0};
    %end;
    .thread T_10;
    .scope S_0xaaaae2584bc0;
T_11 ;
    %vpi_call/w 3 157 "$dumpfile", "cordic_sine_tb.vcd" {0 0 0};
    %vpi_call/w 3 158 "$dumpvars", 32'sb00000000000000000000000000000000, S_0xaaaae2584bc0 {0 0 0};
    %end;
    .thread T_11;
# The file index is used to find the file name in the following table.
:file_names 5;
    "N/A";
    "<interactive>";
    "-";
    "cordic_sine_tb.sv";
    "cordic_sine.sv";
